[ 2023-02-26 14:32:17,605 ] 13 root - INFO - >>>>>>>>>>>>>>>>>>>>>>>>>>>>>>>>>>>>>>>> Data Ingestion <<<<<<<<<<<<<<<<<<<<<<<<<<<<<<<<<<<<<<<<
[ 2023-02-26 14:32:17,605 ] 19 root - INFO - Exporting data into pandas dataframe
[ 2023-02-26 14:32:17,605 ] 20 root - INFO - Reading data from database  :aps  and collection :sensor
[ 2023-02-26 14:32:21,097 ] 22 root - INFO - Found columns Index(['_id', 'class', 'aa_000', 'ab_000', 'ac_000', 'ad_000', 'ae_000',
       'af_000', 'ag_000', 'ag_001',
       ...
       'ee_002', 'ee_003', 'ee_004', 'ee_005', 'ee_006', 'ee_007', 'ee_008',
       'ee_009', 'ef_000', 'eg_000'],
      dtype='object', length=172)
[ 2023-02-26 14:32:21,098 ] 24 root - INFO - Dropping column: _id 
[ 2023-02-26 14:32:21,290 ] 26 root - INFO - Rows and Column in dataframe is (36188, 172)
[ 2023-02-26 14:32:21,291 ] 23 root - INFO - Replacing NaN values
[ 2023-02-26 14:32:21,824 ] 30 root - INFO - Saving Dataframe to Feature Store
[ 2023-02-26 14:32:24,262 ] 35 root - INFO - Splitting the dataset
[ 2023-02-26 14:32:24,850 ] 38 root - INFO - Create directory if not avaible
[ 2023-02-26 14:32:24,850 ] 41 root - INFO - Save df to feature store folder
[ 2023-02-26 14:32:27,140 ] 53 root - INFO - Data ingestion artifact: DataIngestionArtifact(feature_store_file_path='/config/workspace/artifacts/02262023__143217/data ingestion/feature store/sensor.csv', train_file_path='/config/workspace/artifacts/02262023__143217/data ingestion/dataset/train.csv', test_file_path='/config/workspace/artifacts/02262023__143217/data ingestion/dataset/test.csv')
[ 2023-02-26 14:32:27,552 ] 17 root - INFO - >>>>>>>>>>>>>>>>>>>>>>>>>>>>>>>>>>>>>>>> Data Validation <<<<<<<<<<<<<<<<<<<<<<<<<<<<<<<<<<<<<<<<
[ 2023-02-26 14:32:27,553 ] 105 root - INFO - Reading base dataframe
[ 2023-02-26 14:32:29,107 ] 107 root - INFO - Replacing na values with NaN
[ 2023-02-26 14:32:30,423 ] 109 root - INFO - Dropping null values
[ 2023-02-26 14:32:31,336 ] 38 root - INFO - selcting columns name which contaion null values above threshold 0.7
[ 2023-02-26 14:32:31,336 ] 40 root - INFO - Dropping columns name : ['ab_000', 'bn_000', 'bo_000', 'bp_000', 'bq_000', 'br_000', 'cr_000']
[ 2023-02-26 14:32:31,427 ] 112 root - INFO - Reading Train dataframe
[ 2023-02-26 14:32:31,538 ] 114 root - INFO - Reading Test dataframe
[ 2023-02-26 14:32:31,643 ] 117 root - INFO - Dropping null values columns from tarin dataframe
[ 2023-02-26 14:32:31,648 ] 38 root - INFO - selcting columns name which contaion null values above threshold 0.7
[ 2023-02-26 14:32:31,649 ] 40 root - INFO - Dropping columns name : ['ab_000', 'bn_000', 'bo_000', 'bp_000', 'bq_000', 'br_000', 'cr_000']
[ 2023-02-26 14:32:31,653 ] 120 root - INFO - Dropping bull values columns from test dataframe
[ 2023-02-26 14:32:31,658 ] 38 root - INFO - selcting columns name which contaion null values above threshold 0.7
[ 2023-02-26 14:32:31,659 ] 40 root - INFO - Dropping columns name : ['ab_000', 'bn_000', 'bo_000', 'bp_000', 'bq_000', 'br_000', 'cr_000']
