[ 2023-02-26 15:42:28,424 ] 16 root - INFO - >>>>>>>>>>>>>>>>>>>>>>>>>>>>>>>>>>>>>>>> Data Ingestion <<<<<<<<<<<<<<<<<<<<<<<<<<<<<<<<<<<<<<<<
[ 2023-02-26 15:42:28,424 ] 23 root - INFO - Exporting collection data as pandas dataframe
[ 2023-02-26 15:42:28,424 ] 20 root - INFO - Reading data from database  :aps  and collection :sensor
[ 2023-02-26 15:42:31,799 ] 22 root - INFO - Found columns Index(['_id', 'class', 'aa_000', 'ab_000', 'ac_000', 'ad_000', 'ae_000',
       'af_000', 'ag_000', 'ag_001',
       ...
       'ee_002', 'ee_003', 'ee_004', 'ee_005', 'ee_006', 'ee_007', 'ee_008',
       'ee_009', 'ef_000', 'eg_000'],
      dtype='object', length=172)
[ 2023-02-26 15:42:31,799 ] 24 root - INFO - Dropping column: _id 
[ 2023-02-26 15:42:31,988 ] 26 root - INFO - Rows and Column in dataframe is (36188, 172)
[ 2023-02-26 15:42:31,988 ] 29 root - INFO - Save data in feature store
[ 2023-02-26 15:42:32,524 ] 35 root - INFO - Create feature store folder if not available
[ 2023-02-26 15:42:32,524 ] 39 root - INFO - Save df to feature store folder
[ 2023-02-26 15:42:34,939 ] 44 root - INFO - split dataset into train and test set
[ 2023-02-26 15:42:35,534 ] 48 root - INFO - create dataset directory folder if not available
[ 2023-02-26 15:42:35,534 ] 53 root - INFO - Save df to feature store folder
[ 2023-02-26 15:42:37,824 ] 65 root - INFO - Data ingestion artifact: DataIngestionArtifact(feature_store_file_path='/config/workspace/artifacts/02262023__154228/data ingestion/feature store/sensor.csv', train_file_path='/config/workspace/artifacts/02262023__154228/data ingestion/dataset/train.csv', test_file_path='/config/workspace/artifacts/02262023__154228/data ingestion/dataset/test.csv')
[ 2023-02-26 15:42:38,260 ] 22 root - INFO - >>>>>>>>>>>>>>>>>>>>>>>>>>>>>>>>>>>>>>>> Data Validation <<<<<<<<<<<<<<<<<<<<<<<<<<<<<<<<<<<<<<<<
[ 2023-02-26 15:42:38,260 ] 112 root - INFO - Reading base dataframe
[ 2023-02-26 15:42:41,189 ] 115 root - INFO - Replace na value in base df
[ 2023-02-26 15:42:41,189 ] 117 root - INFO - Drop null values colums from base df
[ 2023-02-26 15:42:42,099 ] 45 root - INFO - selecting column name which contains null above to 0.7
[ 2023-02-26 15:42:42,100 ] 48 root - INFO - Columns to drop: ['ab_000', 'bn_000', 'bo_000', 'bp_000', 'bq_000', 'br_000', 'cr_000']
[ 2023-02-26 15:42:42,188 ] 55 root - INFO - drop completed : (36188, 164)
[ 2023-02-26 15:42:42,188 ] 120 root - INFO - Reading train dataframe
[ 2023-02-26 15:42:42,585 ] 122 root - INFO - Reading test dataframe
[ 2023-02-26 15:42:42,684 ] 125 root - INFO - Drop null values colums from train df
[ 2023-02-26 15:42:42,700 ] 45 root - INFO - selecting column name which contains null above to 0.7
[ 2023-02-26 15:42:42,700 ] 48 root - INFO - Columns to drop: ['ab_000', 'bn_000', 'bo_000', 'bp_000', 'bq_000', 'br_000', 'cr_000']
[ 2023-02-26 15:42:42,713 ] 55 root - INFO - drop completed : (28950, 165)
[ 2023-02-26 15:42:42,714 ] 127 root - INFO - Drop null values colums from test df
[ 2023-02-26 15:42:42,719 ] 45 root - INFO - selecting column name which contains null above to 0.7
[ 2023-02-26 15:42:42,719 ] 48 root - INFO - Columns to drop: ['ab_000', 'bn_000', 'bo_000', 'bp_000', 'bq_000', 'br_000', 'cr_000']
[ 2023-02-26 15:42:42,723 ] 55 root - INFO - drop completed : (7238, 165)
[ 2023-02-26 15:42:42,724 ] 44 root - INFO - columns to convert:Index(['class', 'aa_000', 'ac_000', 'ad_000', 'ae_000', 'af_000', 'ag_000',
       'ag_001', 'ag_002', 'ag_003',
       ...
       'ee_002', 'ee_003', 'ee_004', 'ee_005', 'ee_006', 'ee_007', 'ee_008',
       'ee_009', 'ef_000', 'eg_000'],
      dtype='object', length=164)
[ 2023-02-26 15:42:49,669 ] 48 root - INFO - columns converted to float
[ 2023-02-26 15:42:49,669 ] 44 root - INFO - columns to convert:Index(['_id', 'class', 'aa_000', 'ac_000', 'ad_000', 'ae_000', 'af_000',
       'ag_000', 'ag_001', 'ag_002',
       ...
       'ee_002', 'ee_003', 'ee_004', 'ee_005', 'ee_006', 'ee_007', 'ee_008',
       'ee_009', 'ef_000', 'eg_000'],
      dtype='object', length=165)
